<?xml version="1.0" encoding="utf-8"?><testsuites name="pytest tests"><testsuite name="pytest" errors="0" failures="0" skipped="0" tests="24" time="6.869" timestamp="2026-03-06T02:21:03.993457+00:00" hostname="agent-env-506b9705-eaf6-4ceb-b290-e3678c5b8e5c"><testcase classname="backend.tests.test_ai_recipe" name="test_ai_recipe_generation" time="4.139" /><testcase classname="backend.tests.test_auth" name="test_health_check" time="0.115" /><testcase classname="backend.tests.test_auth" name="test_login_success" time="0.299" /><testcase classname="backend.tests.test_auth" name="test_login_invalid_credentials" time="0.303" /><testcase classname="backend.tests.test_auth" name="test_register_duplicate_email" time="0.086" /><testcase classname="backend.tests.test_auth" name="test_register_new_user" time="0.309" /><testcase classname="backend.tests.test_auth" name="test_get_me" time="0.068" /><testcase classname="backend.tests.test_auth" name="test_me_unauthenticated" time="0.072" /><testcase classname="backend.tests.test_organizations_kitchens" name="test_list_organizations" time="0.076" /><testcase classname="backend.tests.test_organizations_kitchens" name="test_create_organization" time="0.104" /><testcase classname="backend.tests.test_organizations_kitchens" name="test_list_kitchens" time="0.077" /><testcase classname="backend.tests.test_organizations_kitchens" name="test_create_kitchen" time="0.123" /><testcase classname="backend.tests.test_organizations_kitchens" name="test_kitchen_requires_org" time="0.056" /><testcase classname="backend.tests.test_resources" name="test_list_ingredients" time="0.070" /><testcase classname="backend.tests.test_resources" name="test_create_ingredient" time="0.064" /><testcase classname="backend.tests.test_resources" name="test_ingredient_crud" time="0.201" /><testcase classname="backend.tests.test_resources" name="test_list_recipes" time="0.060" /><testcase classname="backend.tests.test_resources" name="test_create_recipe" time="0.184" /><testcase classname="backend.tests.test_resources" name="test_list_suppliers" time="0.059" /><testcase classname="backend.tests.test_resources" name="test_create_supplier" time="0.063" /><testcase classname="backend.tests.test_resources" name="test_list_waste_logs" time="0.067" /><testcase classname="backend.tests.test_resources" name="test_waste_summary" time="0.058" /><testcase classname="backend.tests.test_resources" name="test_list_inventory" time="0.060" /><testcase classname="backend.tests.test_resources" name="test_dashboard_analytics" time="0.093" /></testsuite></testsuites>